<?xml version="1.0" encoding="UTF-8"?>
<!-- Generated by org.testng.reporters.JUnitXMLReporter -->
<testsuite hostname="Kanwalpreets-MacBook-Pro.local" ignored="0" name="Test" tests="2" failures="2" timestamp="16 Aug 2019 18:14:10 GMT" time="12.982" errors="0">
  <testcase name="verifyTitleOfThePage" time="0.026" classname="com.guru99Project.test.Guru99Test">
    <failure type="java.lang.AssertionError" message="expected:&amp;lt;Guru99 Bank Home Page&amp;gt; but was:&amp;lt;Demo Guru99&amp;gt;">
      <![CDATA[java.lang.AssertionError: expected:<Guru99 Bank Home Page> but was:<Demo Guru99>
at com.guru99Project.test.Guru99Test.verifyTitleOfThePage(Guru99Test.java:27)
... Removed 27 stack frames]]>
    </failure>
  </testcase> <!-- verifyTitleOfThePage -->
  <testcase name="verifyLoginWithCorrectCredentials" time="0.0" classname="com.guru99Project.test.Guru99Test">
    <failure type="org.testng.TestNGException" message="
Parameter &amp;apos;user&amp;apos; is required by @Test on method verifyLoginWithCorrectCredentials but has not been marked @Optional or defined
in /Users/kanwalpreetghuman/Desktop/workspace for java /final/ModularFramework/LoginGuru99testng.xml">
      <![CDATA[org.testng.TestNGException: 
Parameter 'user' is required by @Test on method verifyLoginWithCorrectCredentials but has not been marked @Optional or defined
in /Users/kanwalpreetghuman/Desktop/workspace for java /final/ModularFramework/LoginGuru99testng.xml
... Removed 24 stack frames]]>
    </failure>
  </testcase> <!-- verifyLoginWithCorrectCredentials -->
</testsuite> <!-- Test -->
